<?xml version="1.0" encoding="UTF-8"?>
<!-- Generated by org.testng.reporters.JUnitXMLReporter -->
<testsuite hostname="AISHWARYA" ignored="2" name="Test" tests="9" failures="0" timestamp="09 Jun 2020 06:37:30 GMT" time="86.758" errors="0">
  <testcase name="openURL" time="5.912" classname="com.project.testCases.GroupBasedTest"/>
  <testcase name="loginSite" time="13.2" classname="com.project.testCases.GroupBasedTest"/>
  <testcase name="checkGiftCard" time="7.269" classname="com.project.testCases.GroupBasedTest"/>
  <testcase name="searchProduct" time="3.913" classname="com.project.testCases.GroupBasedTest"/>
  <testcase name="selectCategory" time="7.633" classname="com.project.testCases.GroupBasedTest"/>
  <testcase name="selectStorage" time="11.624" classname="com.project.testCases.GroupBasedTest"/>
  <testcase name="selectExcludeOutOfStock" time="11.709" classname="com.project.testCases.GroupBasedTest"/>
  <testcase name="selectSortBy" time="12.277" classname="com.project.testCases.GroupBasedTest"/>
  <testcase name="logOutSite" time="1.625" classname="com.project.testCases.GroupBasedTest"/>
  <testcase name="giftPageOperation" time="0.0" classname="com.project.testCases.GroupBasedTest">
    <ignored/>
  </testcase> <!-- giftPageOperation -->
  <testcase name="advanceSearch" time="0.0" classname="com.project.testCases.GroupBasedTest">
    <ignored/>
  </testcase> <!-- advanceSearch -->
</testsuite> <!-- Test -->
