<?xml version="1.0" encoding="UTF-8"?>
<!-- Generated by org.testng.reporters.JUnitXMLReporter -->
<testsuite hostname="AISHWARYA" ignored="5" name="Test" tests="6" failures="0" timestamp="09 Jun 2020 06:36:04 GMT" time="74.234" errors="0">
  <testcase name="openURL" time="6.129" classname="com.project.testCases.GroupBasedTest"/>
  <testcase name="loginSite" time="24.371" classname="com.project.testCases.GroupBasedTest"/>
  <testcase name="giftPageOperation" time="12.342" classname="com.project.testCases.GroupBasedTest"/>
  <testcase name="searchProduct" time="3.959" classname="com.project.testCases.GroupBasedTest"/>
  <testcase name="advanceSearch" time="14.693" classname="com.project.testCases.GroupBasedTest"/>
  <testcase name="logOutSite" time="1.747" classname="com.project.testCases.GroupBasedTest"/>
  <testcase name="checkGiftCard" time="0.0" classname="com.project.testCases.GroupBasedTest">
    <ignored/>
  </testcase> <!-- checkGiftCard -->
  <testcase name="selectSortBy" time="0.0" classname="com.project.testCases.GroupBasedTest">
    <ignored/>
  </testcase> <!-- selectSortBy -->
  <testcase name="selectExcludeOutOfStock" time="0.0" classname="com.project.testCases.GroupBasedTest">
    <ignored/>
  </testcase> <!-- selectExcludeOutOfStock -->
  <testcase name="selectCategory" time="0.0" classname="com.project.testCases.GroupBasedTest">
    <ignored/>
  </testcase> <!-- selectCategory -->
  <testcase name="selectStorage" time="0.0" classname="com.project.testCases.GroupBasedTest">
    <ignored/>
  </testcase> <!-- selectStorage -->
</testsuite> <!-- Test -->
