<?xml version="1.0" encoding="UTF-8"?>
<!-- Generated by org.testng.reporters.JUnitXMLReporter -->
<testsuite hostname="AISHWARYA" ignored="0" name="SmokeTest" tests="6" failures="0" timestamp="09 Jun 2020 06:26:49 GMT" time="115.047" errors="0">
  <testcase name="openURL" time="9.551" classname="com.project.testCases.SmokeTestCases"/>
  <testcase name="loginSite" time="15.369" classname="com.project.testCases.SmokeTestCases"/>
  <testcase name="giftPageOperation" time="35.156" classname="com.project.testCases.SmokeTestCases"/>
  <testcase name="searchProduct" time="16.824" classname="com.project.testCases.SmokeTestCases"/>
  <testcase name="advanceSearch" time="14.903" classname="com.project.testCases.SmokeTestCases"/>
  <testcase name="logOutSite" time="2.125" classname="com.project.testCases.SmokeTestCases"/>
</testsuite> <!-- SmokeTest -->
