<?xml version="1.0" encoding="UTF-8"?>
<!-- Generated by org.testng.reporters.JUnitXMLReporter -->
<testsuite hostname="AISHWARYA" ignored="2" name="Test" tests="9" failures="0" timestamp="06 Jun 2020 15:33:58 GMT" time="78.922" errors="0">
  <testcase name="openURL" time="5.674" classname="com.project.testCases.GroupBasedTest"/>
  <testcase name="loginSite" time="12.64" classname="com.project.testCases.GroupBasedTest"/>
  <testcase name="checkGiftCard" time="7.615" classname="com.project.testCases.GroupBasedTest"/>
  <testcase name="searchProduct" time="3.204" classname="com.project.testCases.GroupBasedTest"/>
  <testcase name="selectCategory" time="7.695" classname="com.project.testCases.GroupBasedTest"/>
  <testcase name="selectStorage" time="9.072" classname="com.project.testCases.GroupBasedTest"/>
  <testcase name="selectExcludeOutOfStock" time="9.283" classname="com.project.testCases.GroupBasedTest"/>
  <testcase name="selectSortBy" time="9.156" classname="com.project.testCases.GroupBasedTest"/>
  <testcase name="logOutSite" time="1.841" classname="com.project.testCases.GroupBasedTest"/>
  <testcase name="giftPageOperation" time="0.0" classname="com.project.testCases.GroupBasedTest">
    <ignored/>
  </testcase> <!-- giftPageOperation -->
  <testcase name="advanceSearch" time="0.0" classname="com.project.testCases.GroupBasedTest">
    <ignored/>
  </testcase> <!-- advanceSearch -->
</testsuite> <!-- Test -->
