<?xml version="1.0" encoding="UTF-8"?>
<!-- Generated by org.testng.reporters.JUnitXMLReporter -->
<testsuite hostname="AISHWARYA" ignored="0" name="SmokeTest" tests="6" failures="0" timestamp="09 Jun 2020 06:44:46 GMT" time="60.17" errors="0">
  <testcase name="openURL" time="8.597" classname="com.project.testCases.SmokeTestCases"/>
  <testcase name="loginSite" time="13.792" classname="com.project.testCases.SmokeTestCases"/>
  <testcase name="giftPageOperation" time="7.072" classname="com.project.testCases.SmokeTestCases"/>
  <testcase name="searchProduct" time="3.636" classname="com.project.testCases.SmokeTestCases"/>
  <testcase name="advanceSearch" time="14.205" classname="com.project.testCases.SmokeTestCases"/>
  <testcase name="logOutSite" time="1.7" classname="com.project.testCases.SmokeTestCases"/>
</testsuite> <!-- SmokeTest -->
