<?xml version="1.0" encoding="UTF-8"?>
<testsuite xmlns:xsi="http://www.w3.org/2001/XMLSchema-instance" xsi:schemaLocation="https://maven.apache.org/surefire/maven-surefire-plugin/xsd/surefire-test-report.xsd" name="TestSuite" time="295.169" tests="30" errors="0" skipped="0" failures="0">
  <properties>
[...]
</properties>
  <testcase name="openURL" classname="com.project.testCases.SmokeTestCases" time="8.599"/>
  <testcase name="loginSite" classname="com.project.testCases.SmokeTestCases" time="13.792"/>
  <testcase name="giftPageOperation" classname="com.project.testCases.SmokeTestCases" time="7.074"/>
  <testcase name="searchProduct" classname="com.project.testCases.SmokeTestCases" time="3.638"/>
  <testcase name="advanceSearch" classname="com.project.testCases.SmokeTestCases" time="14.206"/>
  <testcase name="logOutSite" classname="com.project.testCases.SmokeTestCases" time="1.7"/>
  <testcase name="openURL" classname="com.project.testCases.RegressionTestCases" time="5.599"/>
  <testcase name="loginSite" classname="com.project.testCases.RegressionTestCases" time="14.741"/>
  <testcase name="checkGiftCard" classname="com.project.testCases.RegressionTestCases" time="8.705"/>
  <testcase name="searchProduct" classname="com.project.testCases.RegressionTestCases" time="5.778"/>
  <testcase name="selectCategory" classname="com.project.testCases.RegressionTestCases" time="7.597"/>
  <testcase name="selectStorage" classname="com.project.testCases.RegressionTestCases" time="11.143"/>
  <testcase name="selectExcludeOutOfStock" classname="com.project.testCases.RegressionTestCases" time="11.308"/>
  <testcase name="selectSortBy" classname="com.project.testCases.RegressionTestCases" time="13.068"/>
  <testcase name="logOutSite" classname="com.project.testCases.RegressionTestCases" time="1.652"/>
  <testcase name="openURL" classname="com.project.testCases.GroupBasedTest" time="5.165"/>
  <testcase name="openURL" classname="com.project.testCases.GroupBasedTest" time="4.52"/>
  <testcase name="loginSite" classname="com.project.testCases.GroupBasedTest" time="14.586"/>
  <testcase name="loginSite" classname="com.project.testCases.GroupBasedTest" time="14.526"/>
  <testcase name="giftPageOperation" classname="com.project.testCases.GroupBasedTest" time="7.176"/>
  <testcase name="searchProduct" classname="com.project.testCases.GroupBasedTest" time="3.693"/>
  <testcase name="searchProduct" classname="com.project.testCases.GroupBasedTest" time="3.151"/>
  <testcase name="advanceSearch" classname="com.project.testCases.GroupBasedTest" time="14.495"/>
  <testcase name="logOutSite" classname="com.project.testCases.GroupBasedTest" time="1.398"/>
  <testcase name="logOutSite" classname="com.project.testCases.GroupBasedTest" time="1.907"/>
  <testcase name="checkGiftCard" classname="com.project.testCases.GroupBasedTest" time="8.286"/>
  <testcase name="selectCategory" classname="com.project.testCases.GroupBasedTest" time="7.73"/>
  <testcase name="selectStorage" classname="com.project.testCases.GroupBasedTest" time="11.954"/>
  <testcase name="selectExcludeOutOfStock" classname="com.project.testCases.GroupBasedTest" time="11.785"/>
  <testcase name="selectSortBy" classname="com.project.testCases.GroupBasedTest" time="11.388"/>
</testsuite>