<?xml version="1.0" encoding="UTF-8" ?>
<testsuite tests="27" failures="1" name="com.project.testCases.GroupBasedTest" time="211.956" errors="0" skipped="22">
  <properties>
[...]
</properties>
  <testcase classname="com.project.testCases.GroupBasedTest" name="openURL" time="5.92"/>
  <testcase classname="com.project.testCases.GroupBasedTest" name="loginSite" time="11.819"/>
  <testcase classname="com.project.testCases.GroupBasedTest" name="checkGiftCard" time="9.411"/>
  <testcase classname="com.project.testCases.GroupBasedTest" name="giftPageOperation" time="7.56"/>
  <testcase classname="com.project.testCases.GroupBasedTest" name="updateTestCaseStatusAndTakeScreenshot" time="7.698">
    <failure type="java.lang.NullPointerException">java.lang.NullPointerException
	at com.project.utilities.WriteExcelSheet.writeFile(WriteExcelSheet.java:30)
	at com.project.testCases.GroupBasedTest.updateTestCaseStatusAndTakeScreenshot(GroupBasedTest.java:130)
</failure>
  </testcase>
  <testcase classname="com.project.testCases.GroupBasedTest" name="updateTestCaseStatusAndTakeScreenshotRegressionTest" time="7.698">
    <skipped/>
  </testcase>
  <testcase classname="com.project.testCases.GroupBasedTest" name="searchProduct" time="7.699">
    <skipped/>
  </testcase>
  <testcase classname="com.project.testCases.GroupBasedTest" name="updateTestCaseStatusAndTakeScreenshot" time="7.699">
    <skipped/>
  </testcase>
  <testcase classname="com.project.testCases.GroupBasedTest" name="updateTestCaseStatusAndTakeScreenshotRegressionTest" time="7.699">
    <skipped/>
  </testcase>
  <testcase classname="com.project.testCases.GroupBasedTest" name="advanceSearch" time="7.699">
    <skipped/>
  </testcase>
  <testcase classname="com.project.testCases.GroupBasedTest" name="selectCategory" time="7.699">
    <skipped/>
  </testcase>
  <testcase classname="com.project.testCases.GroupBasedTest" name="updateTestCaseStatusAndTakeScreenshot" time="7.699">
    <skipped/>
  </testcase>
  <testcase classname="com.project.testCases.GroupBasedTest" name="updateTestCaseStatusAndTakeScreenshotRegressionTest" time="7.699">
    <skipped/>
  </testcase>
  <testcase classname="com.project.testCases.GroupBasedTest" name="selectStorage" time="7.699">
    <skipped/>
  </testcase>
  <testcase classname="com.project.testCases.GroupBasedTest" name="updateTestCaseStatusAndTakeScreenshot" time="7.699">
    <skipped/>
  </testcase>
  <testcase classname="com.project.testCases.GroupBasedTest" name="updateTestCaseStatusAndTakeScreenshotRegressionTest" time="7.699">
    <skipped/>
  </testcase>
  <testcase classname="com.project.testCases.GroupBasedTest" name="selectExcludeOutOfStock" time="7.702">
    <skipped/>
  </testcase>
  <testcase classname="com.project.testCases.GroupBasedTest" name="updateTestCaseStatusAndTakeScreenshot" time="7.703">
    <skipped/>
  </testcase>
  <testcase classname="com.project.testCases.GroupBasedTest" name="updateTestCaseStatusAndTakeScreenshotRegressionTest" time="7.703">
    <skipped/>
  </testcase>
  <testcase classname="com.project.testCases.GroupBasedTest" name="selectSortBy" time="7.706">
    <skipped/>
  </testcase>
  <testcase classname="com.project.testCases.GroupBasedTest" name="updateTestCaseStatusAndTakeScreenshot" time="7.71">
    <skipped/>
  </testcase>
  <testcase classname="com.project.testCases.GroupBasedTest" name="updateTestCaseStatusAndTakeScreenshotRegressionTest" time="7.71">
    <skipped/>
  </testcase>
  <testcase classname="com.project.testCases.GroupBasedTest" name="logOutSite" time="7.724">
    <skipped/>
  </testcase>
  <testcase classname="com.project.testCases.GroupBasedTest" name="updateTestCaseStatusAndTakeScreenshot" time="7.725">
    <skipped/>
  </testcase>
  <testcase classname="com.project.testCases.GroupBasedTest" name="updateTestCaseStatusAndTakeScreenshotRegressionTest" time="7.725">
    <skipped/>
  </testcase>
  <testcase classname="com.project.testCases.GroupBasedTest" name="displayCollectionAndFlushReport" time="7.726">
    <skipped/>
  </testcase>
  <testcase classname="com.project.testCases.GroupBasedTest" name="flushReport" time="7.726">
    <skipped/>
  </testcase>
</testsuite>