<?xml version="1.0" encoding="UTF-8"?>
<!-- Generated by org.testng.reporters.JUnitXMLReporter -->
<testsuite hostname="AISHWARYA" ignored="2" name="Test" tests="9" failures="0" timestamp="09 Jun 2020 06:48:40 GMT" time="86.502" errors="0">
  <testcase name="openURL" time="4.52" classname="com.project.testCases.GroupBasedTest"/>
  <testcase name="loginSite" time="14.524" classname="com.project.testCases.GroupBasedTest"/>
  <testcase name="checkGiftCard" time="8.285" classname="com.project.testCases.GroupBasedTest"/>
  <testcase name="searchProduct" time="3.149" classname="com.project.testCases.GroupBasedTest"/>
  <testcase name="selectCategory" time="7.73" classname="com.project.testCases.GroupBasedTest"/>
  <testcase name="selectStorage" time="11.954" classname="com.project.testCases.GroupBasedTest"/>
  <testcase name="selectExcludeOutOfStock" time="11.784" classname="com.project.testCases.GroupBasedTest"/>
  <testcase name="selectSortBy" time="11.387" classname="com.project.testCases.GroupBasedTest"/>
  <testcase name="logOutSite" time="1.908" classname="com.project.testCases.GroupBasedTest"/>
  <testcase name="giftPageOperation" time="0.0" classname="com.project.testCases.GroupBasedTest">
    <ignored/>
  </testcase> <!-- giftPageOperation -->
  <testcase name="advanceSearch" time="0.0" classname="com.project.testCases.GroupBasedTest">
    <ignored/>
  </testcase> <!-- advanceSearch -->
</testsuite> <!-- Test -->
