<?xml version="1.0" encoding="UTF-8"?>
<!-- Generated by org.testng.reporters.JUnitXMLReporter -->
<testsuite hostname="AISHWARYA" ignored="0" name="RegressionTest" tests="9" failures="0" timestamp="09 Jun 2020 06:46:18 GMT" time="91.157" errors="0">
  <testcase name="openURL" time="5.601" classname="com.project.testCases.RegressionTestCases"/>
  <testcase name="loginSite" time="14.74" classname="com.project.testCases.RegressionTestCases"/>
  <testcase name="checkGiftCard" time="8.704" classname="com.project.testCases.RegressionTestCases"/>
  <testcase name="searchProduct" time="5.777" classname="com.project.testCases.RegressionTestCases"/>
  <testcase name="selectCategory" time="7.597" classname="com.project.testCases.RegressionTestCases"/>
  <testcase name="selectStorage" time="11.143" classname="com.project.testCases.RegressionTestCases"/>
  <testcase name="selectExcludeOutOfStock" time="11.308" classname="com.project.testCases.RegressionTestCases"/>
  <testcase name="selectSortBy" time="13.068" classname="com.project.testCases.RegressionTestCases"/>
  <testcase name="logOutSite" time="1.652" classname="com.project.testCases.RegressionTestCases"/>
</testsuite> <!-- RegressionTest -->
