<?xml version="1.0" encoding="UTF-8"?>
<!-- Generated by org.testng.reporters.JUnitXMLReporter -->
<testsuite hostname="AISHWARYA" ignored="0" name="Command line test" tests="11" failures="0" timestamp="09 Jun 2020 06:39:05 GMT" time="46.054" errors="0">
  <testcase name="@AfterMethod updateTestCaseStatusAndTakeScreenshot" time="0.109" classname="com.project.testCases.GroupBasedTest">
    <failure type="java.lang.NullPointerException">
      <![CDATA[java.lang.NullPointerException
at com.project.utilities.WriteExcelSheet.writeFile(WriteExcelSheet.java:30)
at com.project.testCases.GroupBasedTest.updateTestCaseStatusAndTakeScreenshot(GroupBasedTest.java:130)
... Removed 37 stack frames]]>
    </failure>
  </testcase> <!-- @AfterMethod updateTestCaseStatusAndTakeScreenshot -->
  <testcase name="@AfterMethod updateTestCaseStatusAndTakeScreenshotRegressionTest" time="0.0" classname="com.project.testCases.GroupBasedTest">
    <skipped/>
  </testcase> <!-- @AfterMethod updateTestCaseStatusAndTakeScreenshotRegressionTest -->
  <testcase name="@AfterMethod updateTestCaseStatusAndTakeScreenshot" time="0.0" classname="com.project.testCases.GroupBasedTest">
    <skipped/>
  </testcase> <!-- @AfterMethod updateTestCaseStatusAndTakeScreenshot -->
  <testcase name="@AfterMethod updateTestCaseStatusAndTakeScreenshotRegressionTest" time="0.0" classname="com.project.testCases.GroupBasedTest">
    <skipped/>
  </testcase> <!-- @AfterMethod updateTestCaseStatusAndTakeScreenshotRegressionTest -->
  <testcase name="@AfterMethod updateTestCaseStatusAndTakeScreenshot" time="0.0" classname="com.project.testCases.GroupBasedTest">
    <skipped/>
  </testcase> <!-- @AfterMethod updateTestCaseStatusAndTakeScreenshot -->
  <testcase name="@AfterMethod updateTestCaseStatusAndTakeScreenshotRegressionTest" time="0.0" classname="com.project.testCases.GroupBasedTest">
    <skipped/>
  </testcase> <!-- @AfterMethod updateTestCaseStatusAndTakeScreenshotRegressionTest -->
  <testcase name="@AfterMethod updateTestCaseStatusAndTakeScreenshot" time="0.0" classname="com.project.testCases.GroupBasedTest">
    <skipped/>
  </testcase> <!-- @AfterMethod updateTestCaseStatusAndTakeScreenshot -->
  <testcase name="@AfterMethod updateTestCaseStatusAndTakeScreenshotRegressionTest" time="0.0" classname="com.project.testCases.GroupBasedTest">
    <skipped/>
  </testcase> <!-- @AfterMethod updateTestCaseStatusAndTakeScreenshotRegressionTest -->
  <testcase name="@AfterMethod updateTestCaseStatusAndTakeScreenshot" time="0.0" classname="com.project.testCases.GroupBasedTest">
    <skipped/>
  </testcase> <!-- @AfterMethod updateTestCaseStatusAndTakeScreenshot -->
  <testcase name="@AfterMethod updateTestCaseStatusAndTakeScreenshotRegressionTest" time="0.0" classname="com.project.testCases.GroupBasedTest">
    <skipped/>
  </testcase> <!-- @AfterMethod updateTestCaseStatusAndTakeScreenshotRegressionTest -->
  <testcase name="@AfterMethod updateTestCaseStatusAndTakeScreenshot" time="0.0" classname="com.project.testCases.GroupBasedTest">
    <skipped/>
  </testcase> <!-- @AfterMethod updateTestCaseStatusAndTakeScreenshot -->
  <testcase name="@AfterMethod updateTestCaseStatusAndTakeScreenshotRegressionTest" time="0.0" classname="com.project.testCases.GroupBasedTest">
    <skipped/>
  </testcase> <!-- @AfterMethod updateTestCaseStatusAndTakeScreenshotRegressionTest -->
  <testcase name="@AfterMethod updateTestCaseStatusAndTakeScreenshot" time="0.0" classname="com.project.testCases.GroupBasedTest">
    <skipped/>
  </testcase> <!-- @AfterMethod updateTestCaseStatusAndTakeScreenshot -->
  <testcase name="@AfterMethod updateTestCaseStatusAndTakeScreenshotRegressionTest" time="0.0" classname="com.project.testCases.GroupBasedTest">
    <skipped/>
  </testcase> <!-- @AfterMethod updateTestCaseStatusAndTakeScreenshotRegressionTest -->
  <testcase name="@AfterClass displayCollectionAndFlushReport" time="0.0" classname="com.project.testCases.GroupBasedTest">
    <skipped/>
  </testcase> <!-- @AfterClass displayCollectionAndFlushReport -->
  <testcase name="@AfterClass flushReport" time="0.0" classname="com.project.testCases.GroupBasedTest">
    <skipped/>
  </testcase> <!-- @AfterClass flushReport -->
  <testcase name="openURL" time="5.917" classname="com.project.testCases.GroupBasedTest"/>
  <testcase name="loginSite" time="11.819" classname="com.project.testCases.GroupBasedTest"/>
  <testcase name="checkGiftCard" time="9.411" classname="com.project.testCases.GroupBasedTest"/>
  <testcase name="giftPageOperation" time="7.56" classname="com.project.testCases.GroupBasedTest"/>
  <testcase name="searchProduct" time="0.0" classname="com.project.testCases.GroupBasedTest">
    <skipped/>
  </testcase> <!-- searchProduct -->
  <testcase name="advanceSearch" time="0.0" classname="com.project.testCases.GroupBasedTest">
    <skipped/>
  </testcase> <!-- advanceSearch -->
  <testcase name="selectCategory" time="0.0" classname="com.project.testCases.GroupBasedTest">
    <skipped/>
  </testcase> <!-- selectCategory -->
  <testcase name="selectStorage" time="0.0" classname="com.project.testCases.GroupBasedTest">
    <skipped/>
  </testcase> <!-- selectStorage -->
  <testcase name="selectExcludeOutOfStock" time="0.0" classname="com.project.testCases.GroupBasedTest">
    <skipped/>
  </testcase> <!-- selectExcludeOutOfStock -->
  <testcase name="selectSortBy" time="0.0" classname="com.project.testCases.GroupBasedTest">
    <skipped/>
  </testcase> <!-- selectSortBy -->
  <testcase name="logOutSite" time="0.0" classname="com.project.testCases.GroupBasedTest">
    <skipped/>
  </testcase> <!-- logOutSite -->
</testsuite> <!-- Command line test -->
