<?xml version="1.0" encoding="UTF-8"?>
<!-- Generated by org.testng.reporters.JUnitXMLReporter -->
<testsuite hostname="AISHWARYA" ignored="0" name="RegressionTest" tests="9" failures="0" timestamp="09 Jun 2020 06:33:39 GMT" time="93.513" errors="0">
  <testcase name="openURL" time="5.824" classname="com.project.testCases.RegressionTestCases"/>
  <testcase name="loginSite" time="14.955" classname="com.project.testCases.RegressionTestCases"/>
  <testcase name="checkGiftCard" time="8.016" classname="com.project.testCases.RegressionTestCases"/>
  <testcase name="searchProduct" time="4.15" classname="com.project.testCases.RegressionTestCases"/>
  <testcase name="selectCategory" time="7.925" classname="com.project.testCases.RegressionTestCases"/>
  <testcase name="selectStorage" time="12.735" classname="com.project.testCases.RegressionTestCases"/>
  <testcase name="selectExcludeOutOfStock" time="11.893" classname="com.project.testCases.RegressionTestCases"/>
  <testcase name="selectSortBy" time="11.65" classname="com.project.testCases.RegressionTestCases"/>
  <testcase name="logOutSite" time="2.007" classname="com.project.testCases.RegressionTestCases"/>
</testsuite> <!-- RegressionTest -->
